1540836148245	geckodriver	INFO	geckodriver 0.21.0
1540836148260	geckodriver	INFO	Listening on 127.0.0.1:54092
1540836151371	mozrunner::runner	INFO	Running command: "C:\\Program Files\\Mozilla Firefox\\firefox.exe" "-marionette" "-foreground" "-no-remote" "-profile" "C:\\Users\\lulu\\AppData\\Local\\Temp\\rust_mozprofile.8rTzxOrd6c2H"
1540836152061	addons.manager	DEBUG	Application has been upgraded
1540836152120	addons.manager	DEBUG	Loaded provider scope for resource://gre/modules/addons/XPIProvider.jsm: ["XPIProvider", "XPIInternal"]
1540836152124	addons.manager	DEBUG	Loaded provider scope for resource://gre/modules/LightweightThemeManager.jsm: ["LightweightThemeManager"]
1540836152150	addons.manager	DEBUG	Loaded provider scope for resource://gre/modules/addons/GMPProvider.jsm
1540836152153	addons.manager	DEBUG	Loaded provider scope for resource://gre/modules/addons/PluginProvider.jsm
1540836152154	addons.manager	DEBUG	Starting provider: XPIProvider
1540836152154	addons.xpi	DEBUG	startup
1540836152154	addons.xpi	INFO	SystemAddonInstallLocation directory is missing
1540836152154	addons.xpi	INFO	Removing all system add-on upgrades.
1540836152155	addons.xpi	DEBUG	checkForChanges
1540836152155	addons.xpi	DEBUG	Loaded add-on state: ${}
1540836152156	addons.xpi	INFO	Mapping activity-stream@mozilla.org to C:\Program Files\Mozilla Firefox\browser\features\activity-stream@mozilla.org.xpi
1540836152156	addons.xpi	INFO	Mapping aushelper@mozilla.org to C:\Program Files\Mozilla Firefox\browser\features\aushelper@mozilla.org.xpi
1540836152156	addons.xpi	INFO	Mapping e10srollout@mozilla.org to C:\Program Files\Mozilla Firefox\browser\features\e10srollout@mozilla.org.xpi
1540836152157	addons.xpi	INFO	Mapping firefox@getpocket.com to C:\Program Files\Mozilla Firefox\browser\features\firefox@getpocket.com.xpi
1540836152157	addons.xpi	INFO	Mapping followonsearch@mozilla.com to C:\Program Files\Mozilla Firefox\browser\features\followonsearch@mozilla.com.xpi
1540836152157	addons.xpi	INFO	Mapping formautofill@mozilla.org to C:\Program Files\Mozilla Firefox\browser\features\formautofill@mozilla.org.xpi
1540836152157	addons.xpi	INFO	Mapping onboarding@mozilla.org to C:\Program Files\Mozilla Firefox\browser\features\onboarding@mozilla.org.xpi
1540836152157	addons.xpi	INFO	Mapping screenshots@mozilla.org to C:\Program Files\Mozilla Firefox\browser\features\screenshots@mozilla.org.xpi
1540836152157	addons.xpi	INFO	Mapping shield-recipe-client@mozilla.org to C:\Program Files\Mozilla Firefox\browser\features\shield-recipe-client@mozilla.org.xpi
1540836152157	addons.xpi	INFO	Mapping webcompat@mozilla.org to C:\Program Files\Mozilla Firefox\browser\features\webcompat@mozilla.org.xpi
1540836152158	addons.xpi	DEBUG	New add-on activity-stream@mozilla.org in app-system-defaults
1540836152159	addons.xpi	INFO	Mapping activity-stream@mozilla.org to C:\Program Files\Mozilla Firefox\browser\features\activity-stream@mozilla.org.xpi
1540836152159	addons.xpi	DEBUG	New add-on aushelper@mozilla.org in app-system-defaults
1540836152160	addons.xpi	INFO	Mapping aushelper@mozilla.org to C:\Program Files\Mozilla Firefox\browser\features\aushelper@mozilla.org.xpi
1540836152160	addons.xpi	DEBUG	New add-on e10srollout@mozilla.org in app-system-defaults
1540836152160	addons.xpi	INFO	Mapping e10srollout@mozilla.org to C:\Program Files\Mozilla Firefox\browser\features\e10srollout@mozilla.org.xpi
1540836152161	addons.xpi	DEBUG	New add-on firefox@getpocket.com in app-system-defaults
1540836152161	addons.xpi	INFO	Mapping firefox@getpocket.com to C:\Program Files\Mozilla Firefox\browser\features\firefox@getpocket.com.xpi
1540836152161	addons.xpi	DEBUG	New add-on followonsearch@mozilla.com in app-system-defaults
1540836152162	addons.xpi	INFO	Mapping followonsearch@mozilla.com to C:\Program Files\Mozilla Firefox\browser\features\followonsearch@mozilla.com.xpi
1540836152162	addons.xpi	DEBUG	New add-on formautofill@mozilla.org in app-system-defaults
1540836152162	addons.xpi	INFO	Mapping formautofill@mozilla.org to C:\Program Files\Mozilla Firefox\browser\features\formautofill@mozilla.org.xpi
1540836152162	addons.xpi	DEBUG	New add-on onboarding@mozilla.org in app-system-defaults
1540836152162	addons.xpi	INFO	Mapping onboarding@mozilla.org to C:\Program Files\Mozilla Firefox\browser\features\onboarding@mozilla.org.xpi
1540836152163	addons.xpi	DEBUG	New add-on screenshots@mozilla.org in app-system-defaults
1540836152163	addons.xpi	INFO	Mapping screenshots@mozilla.org to C:\Program Files\Mozilla Firefox\browser\features\screenshots@mozilla.org.xpi
1540836152163	addons.xpi	DEBUG	New add-on shield-recipe-client@mozilla.org in app-system-defaults
1540836152163	addons.xpi	INFO	Mapping shield-recipe-client@mozilla.org to C:\Program Files\Mozilla Firefox\browser\features\shield-recipe-client@mozilla.org.xpi
1540836152163	addons.xpi	DEBUG	New add-on webcompat@mozilla.org in app-system-defaults
1540836152163	addons.xpi	INFO	Mapping webcompat@mozilla.org to C:\Program Files\Mozilla Firefox\browser\features\webcompat@mozilla.org.xpi
1540836152166	addons.xpi	INFO	Mapping {972ce4c6-7e08-4474-a285-3208198ce6fd} to C:\Program Files\Mozilla Firefox\browser\extensions\{972ce4c6-7e08-4474-a285-3208198ce6fd}.xpi
1540836152166	addons.xpi	DEBUG	New add-on {972ce4c6-7e08-4474-a285-3208198ce6fd} in app-global
1540836152166	addons.xpi	INFO	Mapping {972ce4c6-7e08-4474-a285-3208198ce6fd} to C:\Program Files\Mozilla Firefox\browser\extensions\{972ce4c6-7e08-4474-a285-3208198ce6fd}.xpi
1540836152167	addons.xpi	DEBUG	getInstallState changed: true, state: {}
1540836152167	addons.xpi	INFO	SystemAddonInstallLocation directory is missing
1540836152174	addons.xpi-utils	DEBUG	Opening XPI database C:\Users\lulu\AppData\Local\Temp\rust_mozprofile.8rTzxOrd6c2H\extensions.json
1540836152175	addons.xpi-utils	DEBUG	New add-on activity-stream@mozilla.org installed in app-system-defaults
*** Blocklist::_loadBlocklistFromFile: blocklist is disabled
1540836152200	DeferredSave.extensions.json	DEBUG	Save changes
1540836152202	addons.xpi-utils	DEBUG	New add-on aushelper@mozilla.org installed in app-system-defaults
1540836152206	DeferredSave.extensions.json	DEBUG	Starting timer
1540836152207	DeferredSave.extensions.json	DEBUG	Save changes
1540836152207	addons.xpi-utils	DEBUG	New add-on e10srollout@mozilla.org installed in app-system-defaults
1540836152213	DeferredSave.extensions.json	DEBUG	Save changes
1540836152213	addons.xpi-utils	DEBUG	New add-on firefox@getpocket.com installed in app-system-defaults
1540836152220	DeferredSave.extensions.json	DEBUG	Save changes
1540836152220	addons.xpi-utils	DEBUG	New add-on followonsearch@mozilla.com installed in app-system-defaults
1540836152224	DeferredSave.extensions.json	DEBUG	Save changes
1540836152224	addons.xpi-utils	DEBUG	New add-on formautofill@mozilla.org installed in app-system-defaults
1540836152229	DeferredSave.extensions.json	DEBUG	Save changes
1540836152229	addons.xpi-utils	DEBUG	New add-on onboarding@mozilla.org installed in app-system-defaults
1540836152235	DeferredSave.extensions.json	DEBUG	Save changes
1540836152235	addons.xpi-utils	DEBUG	New add-on screenshots@mozilla.org installed in app-system-defaults
1540836152242	DeferredSave.extensions.json	DEBUG	Save changes
1540836152242	addons.xpi-utils	DEBUG	New add-on shield-recipe-client@mozilla.org installed in app-system-defaults
1540836152247	DeferredSave.extensions.json	DEBUG	Save changes
1540836152247	addons.xpi-utils	DEBUG	New add-on webcompat@mozilla.org installed in app-system-defaults
1540836152252	DeferredSave.extensions.json	DEBUG	Save changes
1540836152252	addons.xpi-utils	DEBUG	New add-on {972ce4c6-7e08-4474-a285-3208198ce6fd} installed in app-global
1540836152258	DeferredSave.extensions.json	DEBUG	Save changes
1540836152259	addons.manager	DEBUG	Registering startup change 'installed' for activity-stream@mozilla.org
1540836152265	addons.xpi	DEBUG	Loading bootstrap scope from C:\Program Files\Mozilla Firefox\browser\features\activity-stream@mozilla.org.xpi
1540836152270	addons.xpi	DEBUG	Calling bootstrap method install on activity-stream@mozilla.org version 2017.11.07.1100-7f4e3634
1540836152270	addons.xpi-utils	DEBUG	Make addon app-system-defaults:activity-stream@mozilla.org visible
1540836152270	addons.xpi	DEBUG	Updating XPIState for {"id":"activity-stream@mozilla.org","syncGUID":"{d98015e1-b6a9-487e-9b90-4060629dc9bb}","location":"app-system-defaults","version":"2017.11.07.1100-7f4e3634","type":"extension","internalName":null,"updateURL":null,"updateKey":null,"optionsURL":null,"optionsType":null,"aboutURL":null,"defaultLocale":{"name":"Activity Stream","description":"A rich visual history feed and a reimagined home page make it easier than ever to find exactly what you're looking for in Firefox.","creator":null,"homepageURL":null},"visible":true,"active":false,"userDisabled":false,"appDisabled":false,"installDate":1516969537028,"updateDate":1516969537028,"applyBackgroundUpdates":1,"bootstrap":true,"path":"C:\\Program Files\\Mozilla Firefox\\browser\\features\\activity-stream@mozilla.org.xpi","skinnable":false,"size":1423182,"sourceURI":null,"releaseNotesURI":null,"softDisabled":false,"foreignInstall":false,"hasBinaryComponents":false,"strictCompatibility":false,"locales":[],"targetApplications":[{"id":"{ec8030f7-c20a-464f-9b0e-13a3a9e97384}","minVersion":"57.0.4","maxVersion":"57.*"}],"targetPlatforms":[],"multiprocessCompatible":true,"seen":true,"dependencies":[],"hasEmbeddedWebExtension":false,"mpcOptedOut":false,"userPermissions":null,"icons":{},"iconURL":null,"icon64URL":null,"blocklistState":0,"blocklistURL":null}
1540836152273	DeferredSave.extensions.json	DEBUG	Save changes
1540836152273	addons.manager	DEBUG	Registering startup change 'installed' for aushelper@mozilla.org
1540836152274	addons.xpi	DEBUG	Loading bootstrap scope from C:\Program Files\Mozilla Firefox\browser\features\aushelper@mozilla.org.xpi
1540836152277	addons.xpi	DEBUG	Calling bootstrap method install on aushelper@mozilla.org version 2.0
1540836152277	addons.xpi-utils	DEBUG	Make addon app-system-defaults:aushelper@mozilla.org visible
1540836152278	addons.xpi	DEBUG	Updating XPIState for {"id":"aushelper@mozilla.org","syncGUID":"{f9776f11-2ff9-47a7-b341-899b4dd73ae6}","location":"app-system-defaults","version":"2.0","type":"extension","internalName":null,"updateURL":null,"updateKey":null,"optionsURL":null,"optionsType":null,"aboutURL":null,"defaultLocale":{"name":"Application Update Service Helper","description":"Sets value(s) in the update url based on custom checks.","creator":null,"homepageURL":null},"visible":true,"active":false,"userDisabled":false,"appDisabled":false,"installDate":1516969536781,"updateDate":1516969536781,"applyBackgroundUpdates":1,"bootstrap":true,"path":"C:\\Program Files\\Mozilla Firefox\\browser\\features\\aushelper@mozilla.org.xpi","skinnable":false,"size":8488,"sourceURI":null,"releaseNotesURI":null,"softDisabled":false,"foreignInstall":false,"hasBinaryComponents":false,"strictCompatibility":false,"locales":[],"targetApplications":[{"id":"{ec8030f7-c20a-464f-9b0e-13a3a9e97384}","minVersion":"57.0.4","maxVersion":"57.*"}],"targetPlatforms":[],"multiprocessCompatible":true,"seen":true,"dependencies":[],"hasEmbeddedWebExtension":false,"mpcOptedOut":false,"userPermissions":null,"icons":{},"iconURL":null,"icon64URL":null,"blocklistState":0,"blocklistURL":null}
1540836152278	DeferredSave.extensions.json	DEBUG	Save changes
1540836152278	addons.manager	DEBUG	Registering startup change 'installed' for e10srollout@mozilla.org
1540836152278	addons.xpi	DEBUG	Loading bootstrap scope from C:\Program Files\Mozilla Firefox\browser\features\e10srollout@mozilla.org.xpi
1540836152291	addons.xpi	DEBUG	Calling bootstrap method install on e10srollout@mozilla.org version 3.05
1540836152292	addons.xpi-utils	DEBUG	Make addon app-system-defaults:e10srollout@mozilla.org visible
1540836152292	addons.xpi	DEBUG	Updating XPIState for {"id":"e10srollout@mozilla.org","syncGUID":"{1abd82d4-16b9-4976-ab06-5d0b21608a61}","location":"app-system-defaults","version":"3.05","type":"extension","internalName":null,"updateURL":null,"updateKey":null,"optionsURL":null,"optionsType":null,"aboutURL":null,"defaultLocale":{"name":"Multi-process staged rollout","description":"Staged rollout of Firefox multi-process feature.","creator":null,"homepageURL":null},"visible":true,"active":false,"userDisabled":false,"appDisabled":false,"installDate":1516969536765,"updateDate":1516969536765,"applyBackgroundUpdates":1,"bootstrap":true,"path":"C:\\Program Files\\Mozilla Firefox\\browser\\features\\e10srollout@mozilla.org.xpi","skinnable":false,"size":13479,"sourceURI":null,"releaseNotesURI":null,"softDisabled":false,"foreignInstall":false,"hasBinaryComponents":false,"strictCompatibility":false,"locales":[],"targetApplications":[{"id":"{ec8030f7-c20a-464f-9b0e-13a3a9e97384}","minVersion":"57.0.4","maxVersion":"57.*"}],"targetPlatforms":[],"multiprocessCompatible":true,"seen":true,"dependencies":[],"hasEmbeddedWebExtension":false,"mpcOptedOut":false,"userPermissions":null,"icons":{},"iconURL":null,"icon64URL":null,"blocklistState":0,"blocklistURL":null}
1540836152293	DeferredSave.extensions.json	DEBUG	Save changes
1540836152293	addons.manager	DEBUG	Registering startup change 'installed' for firefox@getpocket.com
1540836152293	addons.xpi	DEBUG	Loading bootstrap scope from C:\Program Files\Mozilla Firefox\browser\features\firefox@getpocket.com.xpi
1540836152301	addons.xpi	DEBUG	Calling bootstrap method install on firefox@getpocket.com version 1.0.5
1540836152301	addons.xpi-utils	DEBUG	Make addon app-system-defaults:firefox@getpocket.com visible
1540836152301	addons.xpi	DEBUG	Updating XPIState for {"id":"firefox@getpocket.com","syncGUID":"{b0d95bb8-6c55-47f5-af8a-08876b8deec7}","location":"app-system-defaults","version":"1.0.5","type":"extension","internalName":null,"updateURL":null,"updateKey":null,"optionsURL":null,"optionsType":null,"aboutURL":null,"defaultLocale":{"name":"Pocket","description":"When you find something you want to view later, put it in Pocket.","creator":null,"homepageURL":null},"visible":true,"active":false,"userDisabled":false,"appDisabled":false,"installDate":1516969536765,"updateDate":1516969536765,"applyBackgroundUpdates":1,"bootstrap":true,"path":"C:\\Program Files\\Mozilla Firefox\\browser\\features\\firefox@getpocket.com.xpi","skinnable":false,"size":915185,"sourceURI":null,"releaseNotesURI":null,"softDisabled":false,"foreignInstall":false,"hasBinaryComponents":false,"strictCompatibility":false,"locales":[],"targetApplications":[{"id":"{ec8030f7-c20a-464f-9b0e-13a3a9e97384}","minVersion":"57.0.4","maxVersion":"57.*"}],"targetPlatforms":[],"multiprocessCompatible":true,"seen":true,"dependencies":[],"hasEmbeddedWebExtension":false,"mpcOptedOut":false,"userPermissions":null,"icons":{},"iconURL":null,"icon64URL":null,"blocklistState":0,"blocklistURL":null}
1540836152302	DeferredSave.extensions.json	DEBUG	Save changes
1540836152302	addons.manager	DEBUG	Registering startup change 'installed' for followonsearch@mozilla.com
1540836152302	addons.xpi	DEBUG	Loading bootstrap scope from C:\Program Files\Mozilla Firefox\browser\features\followonsearch@mozilla.com.xpi
1540836152305	addons.xpi	DEBUG	Calling bootstrap method install on followonsearch@mozilla.com version 0.9.6
1540836152305	addons.xpi-utils	DEBUG	Make addon app-system-defaults:followonsearch@mozilla.com visible
1540836152305	addons.xpi	DEBUG	Updating XPIState for {"id":"followonsearch@mozilla.com","syncGUID":"{abb55c95-e410-4eb1-9890-e3f7b5b37c57}","location":"app-system-defaults","version":"0.9.6","type":"extension","internalName":null,"updateURL":null,"updateKey":null,"optionsURL":null,"optionsType":null,"aboutURL":null,"defaultLocale":{"name":"Follow-on Search Telemetry","description":null,"creator":null,"homepageURL":null},"visible":true,"active":false,"userDisabled":false,"appDisabled":false,"installDate":1516969536680,"updateDate":1516969536680,"applyBackgroundUpdates":1,"bootstrap":true,"path":"C:\\Program Files\\Mozilla Firefox\\browser\\features\\followonsearch@mozilla.com.xpi","skinnable":false,"size":18625,"sourceURI":null,"releaseNotesURI":null,"softDisabled":false,"foreignInstall":false,"hasBinaryComponents":false,"strictCompatibility":false,"locales":[],"targetApplications":[{"id":"{ec8030f7-c20a-464f-9b0e-13a3a9e97384}","minVersion":"52.0","maxVersion":"59.*"}],"targetPlatforms":[],"multiprocessCompatible":true,"seen":true,"dependencies":[],"hasEmbeddedWebExtension":false,"mpcOptedOut":false,"userPermissions":null,"icons":{},"iconURL":null,"icon64URL":null,"blocklistState":0,"blocklistURL":null}
1540836152306	DeferredSave.extensions.json	DEBUG	Save changes
1540836152306	addons.manager	DEBUG	Registering startup change 'installed' for formautofill@mozilla.org
1540836152306	addons.xpi	DEBUG	Loading bootstrap scope from C:\Program Files\Mozilla Firefox\browser\features\formautofill@mozilla.org.xpi
1540836152309	addons.xpi	DEBUG	Calling bootstrap method install on formautofill@mozilla.org version 1.0
1540836152309	addons.xpi-utils	DEBUG	Make addon app-system-defaults:formautofill@mozilla.org visible
1540836152309	addons.xpi	DEBUG	Updating XPIState for {"id":"formautofill@mozilla.org","syncGUID":"{b098ea9b-c1a9-4ba7-8747-01c4ec243d0d}","location":"app-system-defaults","version":"1.0","type":"extension","internalName":null,"updateURL":null,"updateKey":null,"optionsURL":null,"optionsType":null,"aboutURL":null,"defaultLocale":{"name":"Form Autofill","description":"Autofill forms with saved profiles","creator":null,"homepageURL":null},"visible":true,"active":false,"userDisabled":false,"appDisabled":false,"installDate":1516969536665,"updateDate":1516969536665,"applyBackgroundUpdates":1,"bootstrap":true,"path":"C:\\Program Files\\Mozilla Firefox\\browser\\features\\formautofill@mozilla.org.xpi","skinnable":false,"size":380181,"sourceURI":null,"releaseNotesURI":null,"softDisabled":false,"foreignInstall":false,"hasBinaryComponents":false,"strictCompatibility":false,"locales":[],"targetApplications":[{"id":"{ec8030f7-c20a-464f-9b0e-13a3a9e97384}","minVersion":"57.0.4","maxVersion":"57.*"}],"targetPlatforms":[],"multiprocessCompatible":true,"seen":true,"dependencies":[],"hasEmbeddedWebExtension":false,"mpcOptedOut":false,"userPermissions":null,"icons":{},"iconURL":null,"icon64URL":null,"blocklistState":0,"blocklistURL":null}
1540836152310	DeferredSave.extensions.json	DEBUG	Save changes
1540836152310	addons.manager	DEBUG	Registering startup change 'installed' for onboarding@mozilla.org
1540836152310	addons.xpi	DEBUG	Loading bootstrap scope from C:\Program Files\Mozilla Firefox\browser\features\onboarding@mozilla.org.xpi
1540836152315	addons.xpi	DEBUG	Calling bootstrap method install on onboarding@mozilla.org version 1.0
1540836152315	addons.xpi-utils	DEBUG	Make addon app-system-defaults:onboarding@mozilla.org visible
1540836152315	addons.xpi	DEBUG	Updating XPIState for {"id":"onboarding@mozilla.org","syncGUID":"{035843b3-40ac-4779-aa2c-1f498bac1777}","location":"app-system-defaults","version":"1.0","type":"extension","internalName":null,"updateURL":null,"updateKey":null,"optionsURL":null,"optionsType":null,"aboutURL":null,"defaultLocale":{"name":"Photon onboarding","description":"Photon onboarding","creator":null,"homepageURL":null},"visible":true,"active":false,"userDisabled":false,"appDisabled":false,"installDate":1516969536627,"updateDate":1516969536627,"applyBackgroundUpdates":1,"bootstrap":true,"path":"C:\\Program Files\\Mozilla Firefox\\browser\\features\\onboarding@mozilla.org.xpi","skinnable":false,"size":550931,"sourceURI":null,"releaseNotesURI":null,"softDisabled":false,"foreignInstall":false,"hasBinaryComponents":false,"strictCompatibility":false,"locales":[],"targetApplications":[{"id":"{ec8030f7-c20a-464f-9b0e-13a3a9e97384}","minVersion":"57.0.4","maxVersion":"57.*"}],"targetPlatforms":[],"multiprocessCompatible":true,"seen":true,"dependencies":[],"hasEmbeddedWebExtension":false,"mpcOptedOut":false,"userPermissions":null,"icons":{},"iconURL":null,"icon64URL":null,"blocklistState":0,"blocklistURL":null}
1540836152316	DeferredSave.extensions.json	DEBUG	Save changes
1540836152316	addons.manager	DEBUG	Registering startup change 'installed' for screenshots@mozilla.org
1540836152316	addons.xpi	DEBUG	Loading bootstrap scope from C:\Program Files\Mozilla Firefox\browser\features\screenshots@mozilla.org.xpi
1540836152320	addons.xpi	DEBUG	Calling bootstrap method install on screenshots@mozilla.org version 19.2.0
1540836152320	addons.xpi-utils	DEBUG	Make addon app-system-defaults:screenshots@mozilla.org visible
1540836152320	addons.xpi	DEBUG	Updating XPIState for {"id":"screenshots@mozilla.org","syncGUID":"{0f21f708-e68b-4aea-85ad-a87397036650}","location":"app-system-defaults","version":"19.2.0","type":"extension","internalName":null,"updateURL":null,"updateKey":null,"optionsURL":null,"optionsType":null,"aboutURL":null,"defaultLocale":{"name":"Firefox Screenshots","description":null,"creator":null,"homepageURL":"https://screenshots.firefox.com/"},"visible":true,"active":false,"userDisabled":false,"appDisabled":false,"installDate":1516969536541,"updateDate":1516969536541,"applyBackgroundUpdates":1,"bootstrap":true,"path":"C:\\Program Files\\Mozilla Firefox\\browser\\features\\screenshots@mozilla.org.xpi","skinnable":false,"size":884473,"sourceURI":null,"releaseNotesURI":null,"softDisabled":false,"foreignInstall":false,"hasBinaryComponents":false,"strictCompatibility":false,"locales":[],"targetApplications":[{"id":"{ec8030f7-c20a-464f-9b0e-13a3a9e97384}","minVersion":"57.0a1","maxVersion":"*"}],"targetPlatforms":[],"multiprocessCompatible":true,"seen":true,"dependencies":[],"hasEmbeddedWebExtension":false,"mpcOptedOut":false,"userPermissions":null,"icons":{},"iconURL":null,"icon64URL":null,"blocklistState":0,"blocklistURL":null}
1540836152320	DeferredSave.extensions.json	DEBUG	Save changes
1540836152320	addons.manager	DEBUG	Registering startup change 'installed' for shield-recipe-client@mozilla.org
1540836152321	addons.xpi	DEBUG	Loading bootstrap scope from C:\Program Files\Mozilla Firefox\browser\features\shield-recipe-client@mozilla.org.xpi
1540836152327	addons.xpi	DEBUG	Calling bootstrap method install on shield-recipe-client@mozilla.org version 76.1
1540836152327	addons.xpi-utils	DEBUG	Make addon app-system-defaults:shield-recipe-client@mozilla.org visible
1540836152327	addons.xpi	DEBUG	Updating XPIState for {"id":"shield-recipe-client@mozilla.org","syncGUID":"{2f7200b9-72f0-490e-b4f9-f1495a8d56d1}","location":"app-system-defaults","version":"76.1","type":"extension","internalName":null,"updateURL":null,"updateKey":null,"optionsURL":null,"optionsType":null,"aboutURL":null,"defaultLocale":{"name":"Shield Recipe Client","description":"Client to download and run recipes for SHIELD, Heartbeat, etc.","creator":null,"homepageURL":null},"visible":true,"active":false,"userDisabled":false,"appDisabled":false,"installDate":1516969536497,"updateDate":1516969536497,"applyBackgroundUpdates":1,"bootstrap":true,"path":"C:\\Program Files\\Mozilla Firefox\\browser\\features\\shield-recipe-client@mozilla.org.xpi","skinnable":false,"size":364002,"sourceURI":null,"releaseNotesURI":null,"softDisabled":false,"foreignInstall":false,"hasBinaryComponents":false,"strictCompatibility":false,"locales":[],"targetApplications":[{"id":"{ec8030f7-c20a-464f-9b0e-13a3a9e97384}","minVersion":"57.0.4","maxVersion":"57.*"}],"targetPlatforms":[],"multiprocessCompatible":true,"seen":true,"dependencies":[],"hasEmbeddedWebExtension":false,"mpcOptedOut":false,"userPermissions":null,"icons":{},"iconURL":null,"icon64URL":null,"blocklistState":0,"blocklistURL":null}
1540836152328	DeferredSave.extensions.json	DEBUG	Save changes
1540836152328	addons.manager	DEBUG	Registering startup change 'installed' for webcompat@mozilla.org
1540836152328	addons.xpi	DEBUG	Loading bootstrap scope from C:\Program Files\Mozilla Firefox\browser\features\webcompat@mozilla.org.xpi
1540836152330	addons.xpi	DEBUG	Calling bootstrap method install on webcompat@mozilla.org version 1.1
1540836152331	addons.xpi-utils	DEBUG	Make addon app-system-defaults:webcompat@mozilla.org visible
1540836152331	addons.xpi	DEBUG	Updating XPIState for {"id":"webcompat@mozilla.org","syncGUID":"{4d910c5a-bef8-442a-976a-5a67766fc7c4}","location":"app-system-defaults","version":"1.1","type":"extension","internalName":null,"updateURL":null,"updateKey":null,"optionsURL":null,"optionsType":null,"aboutURL":null,"defaultLocale":{"name":"Web Compat","description":"Urgent post-release fixes for web compatibility.","creator":null,"homepageURL":null},"visible":true,"active":false,"userDisabled":false,"appDisabled":false,"installDate":1516969536469,"updateDate":1516969536469,"applyBackgroundUpdates":1,"bootstrap":true,"path":"C:\\Program Files\\Mozilla Firefox\\browser\\features\\webcompat@mozilla.org.xpi","skinnable":false,"size":9268,"sourceURI":null,"releaseNotesURI":null,"softDisabled":false,"foreignInstall":false,"hasBinaryComponents":false,"strictCompatibility":false,"locales":[],"targetApplications":[{"id":"{ec8030f7-c20a-464f-9b0e-13a3a9e97384}","minVersion":"57.0.4","maxVersion":"57.*"}],"targetPlatforms":[],"multiprocessCompatible":true,"seen":true,"dependencies":[],"hasEmbeddedWebExtension":false,"mpcOptedOut":false,"userPermissions":null,"icons":{},"iconURL":null,"icon64URL":null,"blocklistState":0,"blocklistURL":null}
1540836152331	DeferredSave.extensions.json	DEBUG	Save changes
1540836152331	addons.xpi-utils	DEBUG	Make addon app-global:{972ce4c6-7e08-4474-a285-3208198ce6fd} visible
1540836152332	addons.xpi	DEBUG	Updating XPIState for {"id":"{972ce4c6-7e08-4474-a285-3208198ce6fd}","syncGUID":"{7e7b75a2-3fb7-44f5-8c41-9c32a0ad1857}","location":"app-global","version":"57.0.4","type":"theme","internalName":"classic/1.0","updateURL":null,"updateKey":null,"optionsURL":null,"optionsType":null,"optionsBrowserStyle":null,"aboutURL":null,"defaultLocale":{"name":"Default","description":"The default theme.","creator":"Mozilla","homepageURL":null,"contributors":["Mozilla Contributors"]},"visible":true,"active":false,"userDisabled":false,"appDisabled":false,"installDate":1516969537050,"updateDate":1516969537050,"applyBackgroundUpdates":1,"path":"C:\\Program Files\\Mozilla Firefox\\browser\\extensions\\{972ce4c6-7e08-4474-a285-3208198ce6fd}.xpi","skinnable":true,"size":3354,"sourceURI":null,"releaseNotesURI":null,"softDisabled":false,"foreignInstall":false,"hasBinaryComponents":false,"strictCompatibility":true,"locales":[],"targetApplications":[{"id":"{ec8030f7-c20a-464f-9b0e-13a3a9e97384}","minVersion":"57.0.4","maxVersion":"57.0.4"}],"targetPlatforms":[],"seen":true,"dependencies":[],"hasEmbeddedWebExtension":false,"userPermissions":null,"icons":{},"iconURL":"chrome://browser/content/default-theme-icon.svg","icon64URL":null,"blocklistState":0,"blocklistURL":null}
1540836152333	DeferredSave.extensions.json	DEBUG	Save changes
1540836152334	addons.xpi	DEBUG	Updating XPIState for {"id":"activity-stream@mozilla.org","syncGUID":"{d98015e1-b6a9-487e-9b90-4060629dc9bb}","location":"app-system-defaults","version":"2017.11.07.1100-7f4e3634","type":"extension","internalName":null,"updateURL":null,"updateKey":null,"optionsURL":null,"optionsType":null,"aboutURL":null,"defaultLocale":{"name":"Activity Stream","description":"A rich visual history feed and a reimagined home page make it easier than ever to find exactly what you're looking for in Firefox.","creator":null,"homepageURL":null},"visible":true,"active":true,"userDisabled":false,"appDisabled":false,"installDate":1516969537028,"updateDate":1516969537028,"applyBackgroundUpdates":1,"bootstrap":true,"path":"C:\\Program Files\\Mozilla Firefox\\browser\\features\\activity-stream@mozilla.org.xpi","skinnable":false,"size":1423182,"sourceURI":null,"releaseNotesURI":null,"softDisabled":false,"foreignInstall":false,"hasBinaryComponents":false,"strictCompatibility":false,"locales":[],"targetApplications":[{"id":"{ec8030f7-c20a-464f-9b0e-13a3a9e97384}","minVersion":"57.0.4","maxVersion":"57.*"}],"targetPlatforms":[],"multiprocessCompatible":true,"seen":true,"dependencies":[],"hasEmbeddedWebExtension":false,"mpcOptedOut":false,"userPermissions":null,"icons":{},"iconURL":null,"icon64URL":null,"blocklistState":0,"blocklistURL":null}
1540836152334	addons.xpi	DEBUG	Updating XPIState for {"id":"aushelper@mozilla.org","syncGUID":"{f9776f11-2ff9-47a7-b341-899b4dd73ae6}","location":"app-system-defaults","version":"2.0","type":"extension","internalName":null,"updateURL":null,"updateKey":null,"optionsURL":null,"optionsType":null,"aboutURL":null,"defaultLocale":{"name":"Application Update Service Helper","description":"Sets value(s) in the update url based on custom checks.","creator":null,"homepageURL":null},"visible":true,"active":true,"userDisabled":false,"appDisabled":false,"installDate":1516969536781,"updateDate":1516969536781,"applyBackgroundUpdates":1,"bootstrap":true,"path":"C:\\Program Files\\Mozilla Firefox\\browser\\features\\aushelper@mozilla.org.xpi","skinnable":false,"size":8488,"sourceURI":null,"releaseNotesURI":null,"softDisabled":false,"foreignInstall":false,"hasBinaryComponents":false,"strictCompatibility":false,"locales":[],"targetApplications":[{"id":"{ec8030f7-c20a-464f-9b0e-13a3a9e97384}","minVersion":"57.0.4","maxVersion":"57.*"}],"targetPlatforms":[],"multiprocessCompatible":true,"seen":true,"dependencies":[],"hasEmbeddedWebExtension":false,"mpcOptedOut":false,"userPermissions":null,"icons":{},"iconURL":null,"icon64URL":null,"blocklistState":0,"blocklistURL":null}
1540836152335	addons.xpi	DEBUG	Updating XPIState for {"id":"e10srollout@mozilla.org","syncGUID":"{1abd82d4-16b9-4976-ab06-5d0b21608a61}","location":"app-system-defaults","version":"3.05","type":"extension","internalName":null,"updateURL":null,"updateKey":null,"optionsURL":null,"optionsType":null,"aboutURL":null,"defaultLocale":{"name":"Multi-process staged rollout","description":"Staged rollout of Firefox multi-process feature.","creator":null,"homepageURL":null},"visible":true,"active":true,"userDisabled":false,"appDisabled":false,"installDate":1516969536765,"updateDate":1516969536765,"applyBackgroundUpdates":1,"bootstrap":true,"path":"C:\\Program Files\\Mozilla Firefox\\browser\\features\\e10srollout@mozilla.org.xpi","skinnable":false,"size":13479,"sourceURI":null,"releaseNotesURI":null,"softDisabled":false,"foreignInstall":false,"hasBinaryComponents":false,"strictCompatibility":false,"locales":[],"targetApplications":[{"id":"{ec8030f7-c20a-464f-9b0e-13a3a9e97384}","minVersion":"57.0.4","maxVersion":"57.*"}],"targetPlatforms":[],"multiprocessCompatible":true,"seen":true,"dependencies":[],"hasEmbeddedWebExtension":false,"mpcOptedOut":false,"userPermissions":null,"icons":{},"iconURL":null,"icon64URL":null,"blocklistState":0,"blocklistURL":null}
1540836152335	addons.xpi	DEBUG	Updating XPIState for {"id":"firefox@getpocket.com","syncGUID":"{b0d95bb8-6c55-47f5-af8a-08876b8deec7}","location":"app-system-defaults","version":"1.0.5","type":"extension","internalName":null,"updateURL":null,"updateKey":null,"optionsURL":null,"optionsType":null,"aboutURL":null,"defaultLocale":{"name":"Pocket","description":"When you find something you want to view later, put it in Pocket.","creator":null,"homepageURL":null},"visible":true,"active":true,"userDisabled":false,"appDisabled":false,"installDate":1516969536765,"updateDate":1516969536765,"applyBackgroundUpdates":1,"bootstrap":true,"path":"C:\\Program Files\\Mozilla Firefox\\browser\\features\\firefox@getpocket.com.xpi","skinnable":false,"size":915185,"sourceURI":null,"releaseNotesURI":null,"softDisabled":false,"foreignInstall":false,"hasBinaryComponents":false,"strictCompatibility":false,"locales":[],"targetApplications":[{"id":"{ec8030f7-c20a-464f-9b0e-13a3a9e97384}","minVersion":"57.0.4","maxVersion":"57.*"}],"targetPlatforms":[],"multiprocessCompatible":true,"seen":true,"dependencies":[],"hasEmbeddedWebExtension":false,"mpcOptedOut":false,"userPermissions":null,"icons":{},"iconURL":null,"icon64URL":null,"blocklistState":0,"blocklistURL":null}
1540836152335	addons.xpi	DEBUG	Updating XPIState for {"id":"followonsearch@mozilla.com","syncGUID":"{abb55c95-e410-4eb1-9890-e3f7b5b37c57}","location":"app-system-defaults","version":"0.9.6","type":"extension","internalName":null,"updateURL":null,"updateKey":null,"optionsURL":null,"optionsType":null,"aboutURL":null,"defaultLocale":{"name":"Follow-on Search Telemetry","description":null,"creator":null,"homepageURL":null},"visible":true,"active":true,"userDisabled":false,"appDisabled":false,"installDate":1516969536680,"updateDate":1516969536680,"applyBackgroundUpdates":1,"bootstrap":true,"path":"C:\\Program Files\\Mozilla Firefox\\browser\\features\\followonsearch@mozilla.com.xpi","skinnable":false,"size":18625,"sourceURI":null,"releaseNotesURI":null,"softDisabled":false,"foreignInstall":false,"hasBinaryComponents":false,"strictCompatibility":false,"locales":[],"targetApplications":[{"id":"{ec8030f7-c20a-464f-9b0e-13a3a9e97384}","minVersion":"52.0","maxVersion":"59.*"}],"targetPlatforms":[],"multiprocessCompatible":true,"seen":true,"dependencies":[],"hasEmbeddedWebExtension":false,"mpcOptedOut":false,"userPermissions":null,"icons":{},"iconURL":null,"icon64URL":null,"blocklistState":0,"blocklistURL":null}
1540836152335	addons.xpi	DEBUG	Updating XPIState for {"id":"formautofill@mozilla.org","syncGUID":"{b098ea9b-c1a9-4ba7-8747-01c4ec243d0d}","location":"app-system-defaults","version":"1.0","type":"extension","internalName":null,"updateURL":null,"updateKey":null,"optionsURL":null,"optionsType":null,"aboutURL":null,"defaultLocale":{"name":"Form Autofill","description":"Autofill forms with saved profiles","creator":null,"homepageURL":null},"visible":true,"active":true,"userDisabled":false,"appDisabled":false,"installDate":1516969536665,"updateDate":1516969536665,"applyBackgroundUpdates":1,"bootstrap":true,"path":"C:\\Program Files\\Mozilla Firefox\\browser\\features\\formautofill@mozilla.org.xpi","skinnable":false,"size":380181,"sourceURI":null,"releaseNotesURI":null,"softDisabled":false,"foreignInstall":false,"hasBinaryComponents":false,"strictCompatibility":false,"locales":[],"targetApplications":[{"id":"{ec8030f7-c20a-464f-9b0e-13a3a9e97384}","minVersion":"57.0.4","maxVersion":"57.*"}],"targetPlatforms":[],"multiprocessCompatible":true,"seen":true,"dependencies":[],"hasEmbeddedWebExtension":false,"mpcOptedOut":false,"userPermissions":null,"icons":{},"iconURL":null,"icon64URL":null,"blocklistState":0,"blocklistURL":null}
1540836152335	addons.xpi	DEBUG	Updating XPIState for {"id":"onboarding@mozilla.org","syncGUID":"{035843b3-40ac-4779-aa2c-1f498bac1777}","location":"app-system-defaults","version":"1.0","type":"extension","internalName":null,"updateURL":null,"updateKey":null,"optionsURL":null,"optionsType":null,"aboutURL":null,"defaultLocale":{"name":"Photon onboarding","description":"Photon onboarding","creator":null,"homepageURL":null},"visible":true,"active":true,"userDisabled":false,"appDisabled":false,"installDate":1516969536627,"updateDate":1516969536627,"applyBackgroundUpdates":1,"bootstrap":true,"path":"C:\\Program Files\\Mozilla Firefox\\browser\\features\\onboarding@mozilla.org.xpi","skinnable":false,"size":550931,"sourceURI":null,"releaseNotesURI":null,"softDisabled":false,"foreignInstall":false,"hasBinaryComponents":false,"strictCompatibility":false,"locales":[],"targetApplications":[{"id":"{ec8030f7-c20a-464f-9b0e-13a3a9e97384}","minVersion":"57.0.4","maxVersion":"57.*"}],"targetPlatforms":[],"multiprocessCompatible":true,"seen":true,"dependencies":[],"hasEmbeddedWebExtension":false,"mpcOptedOut":false,"userPermissions":null,"icons":{},"iconURL":null,"icon64URL":null,"blocklistState":0,"blocklistURL":null}
1540836152335	addons.xpi	DEBUG	Updating XPIState for {"id":"screenshots@mozilla.org","syncGUID":"{0f21f708-e68b-4aea-85ad-a87397036650}","location":"app-system-defaults","version":"19.2.0","type":"extension","internalName":null,"updateURL":null,"updateKey":null,"optionsURL":null,"optionsType":null,"aboutURL":null,"defaultLocale":{"name":"Firefox Screenshots","description":null,"creator":null,"homepageURL":"https://screenshots.firefox.com/"},"visible":true,"active":true,"userDisabled":false,"appDisabled":false,"installDate":1516969536541,"updateDate":1516969536541,"applyBackgroundUpdates":1,"bootstrap":true,"path":"C:\\Program Files\\Mozilla Firefox\\browser\\features\\screenshots@mozilla.org.xpi","skinnable":false,"size":884473,"sourceURI":null,"releaseNotesURI":null,"softDisabled":false,"foreignInstall":false,"hasBinaryComponents":false,"strictCompatibility":false,"locales":[],"targetApplications":[{"id":"{ec8030f7-c20a-464f-9b0e-13a3a9e97384}","minVersion":"57.0a1","maxVersion":"*"}],"targetPlatforms":[],"multiprocessCompatible":true,"seen":true,"dependencies":[],"hasEmbeddedWebExtension":false,"mpcOptedOut":false,"userPermissions":null,"icons":{},"iconURL":null,"icon64URL":null,"blocklistState":0,"blocklistURL":null}
1540836152335	addons.xpi	DEBUG	Updating XPIState for {"id":"shield-recipe-client@mozilla.org","syncGUID":"{2f7200b9-72f0-490e-b4f9-f1495a8d56d1}","location":"app-system-defaults","version":"76.1","type":"extension","internalName":null,"updateURL":null,"updateKey":null,"optionsURL":null,"optionsType":null,"aboutURL":null,"defaultLocale":{"name":"Shield Recipe Client","description":"Client to download and run recipes for SHIELD, Heartbeat, etc.","creator":null,"homepageURL":null},"visible":true,"active":true,"userDisabled":false,"appDisabled":false,"installDate":1516969536497,"updateDate":1516969536497,"applyBackgroundUpdates":1,"bootstrap":true,"path":"C:\\Program Files\\Mozilla Firefox\\browser\\features\\shield-recipe-client@mozilla.org.xpi","skinnable":false,"size":364002,"sourceURI":null,"releaseNotesURI":null,"softDisabled":false,"foreignInstall":false,"hasBinaryComponents":false,"strictCompatibility":false,"locales":[],"targetApplications":[{"id":"{ec8030f7-c20a-464f-9b0e-13a3a9e97384}","minVersion":"57.0.4","maxVersion":"57.*"}],"targetPlatforms":[],"multiprocessCompatible":true,"seen":true,"dependencies":[],"hasEmbeddedWebExtension":false,"mpcOptedOut":false,"userPermissions":null,"icons":{},"iconURL":null,"icon64URL":null,"blocklistState":0,"blocklistURL":null}
1540836152335	addons.xpi	DEBUG	Updating XPIState for {"id":"webcompat@mozilla.org","syncGUID":"{4d910c5a-bef8-442a-976a-5a67766fc7c4}","location":"app-system-defaults","version":"1.1","type":"extension","internalName":null,"updateURL":null,"updateKey":null,"optionsURL":null,"optionsType":null,"aboutURL":null,"defaultLocale":{"name":"Web Compat","description":"Urgent post-release fixes for web compatibility.","creator":null,"homepageURL":null},"visible":true,"active":true,"userDisabled":false,"appDisabled":false,"installDate":1516969536469,"updateDate":1516969536469,"applyBackgroundUpdates":1,"bootstrap":true,"path":"C:\\Program Files\\Mozilla Firefox\\browser\\features\\webcompat@mozilla.org.xpi","skinnable":false,"size":9268,"sourceURI":null,"releaseNotesURI":null,"softDisabled":false,"foreignInstall":false,"hasBinaryComponents":false,"strictCompatibility":false,"locales":[],"targetApplications":[{"id":"{ec8030f7-c20a-464f-9b0e-13a3a9e97384}","minVersion":"57.0.4","maxVersion":"57.*"}],"targetPlatforms":[],"multiprocessCompatible":true,"seen":true,"dependencies":[],"hasEmbeddedWebExtension":false,"mpcOptedOut":false,"userPermissions":null,"icons":{},"iconURL":null,"icon64URL":null,"blocklistState":0,"blocklistURL":null}
1540836152335	addons.xpi	DEBUG	Updating XPIState for {"id":"{972ce4c6-7e08-4474-a285-3208198ce6fd}","syncGUID":"{7e7b75a2-3fb7-44f5-8c41-9c32a0ad1857}","location":"app-global","version":"57.0.4","type":"theme","internalName":"classic/1.0","updateURL":null,"updateKey":null,"optionsURL":null,"optionsType":null,"optionsBrowserStyle":null,"aboutURL":null,"defaultLocale":{"name":"Default","description":"The default theme.","creator":"Mozilla","homepageURL":null,"contributors":["Mozilla Contributors"]},"visible":true,"active":true,"userDisabled":false,"appDisabled":false,"installDate":1516969537050,"updateDate":1516969537050,"applyBackgroundUpdates":1,"path":"C:\\Program Files\\Mozilla Firefox\\browser\\extensions\\{972ce4c6-7e08-4474-a285-3208198ce6fd}.xpi","skinnable":true,"size":3354,"sourceURI":null,"releaseNotesURI":null,"softDisabled":false,"foreignInstall":false,"hasBinaryComponents":false,"strictCompatibility":true,"locales":[],"targetApplications":[{"id":"{ec8030f7-c20a-464f-9b0e-13a3a9e97384}","minVersion":"57.0.4","maxVersion":"57.0.4"}],"targetPlatforms":[],"seen":true,"dependencies":[],"hasEmbeddedWebExtension":false,"userPermissions":null,"icons":{},"iconURL":"chrome://browser/content/default-theme-icon.svg","icon64URL":null,"blocklistState":0,"blocklistURL":null}
1540836152336	DeferredSave.extensions.json	DEBUG	Save changes
1540836152336	addons.xpi	DEBUG	Updating database with changes to installed add-ons
1540836152336	addons.xpi-utils	DEBUG	Updating add-on states
1540836152342	addons.xpi	DEBUG	Registering manifest for C:\Program Files\Mozilla Firefox\browser\features\activity-stream@mozilla.org.xpi
1540836152344	addons.xpi	DEBUG	Calling bootstrap method startup on activity-stream@mozilla.org version 2017.11.07.1100-7f4e3634
1540836152345	addons.xpi	DEBUG	Registering manifest for C:\Program Files\Mozilla Firefox\browser\features\aushelper@mozilla.org.xpi
1540836152346	addons.xpi	DEBUG	Calling bootstrap method startup on aushelper@mozilla.org version 2.0
1540836152348	addons.xpi	DEBUG	Registering manifest for C:\Program Files\Mozilla Firefox\browser\features\e10srollout@mozilla.org.xpi
1540836152349	addons.xpi	DEBUG	Calling bootstrap method startup on e10srollout@mozilla.org version 3.05
1540836152350	addons.xpi	DEBUG	Registering manifest for C:\Program Files\Mozilla Firefox\browser\features\firefox@getpocket.com.xpi
1540836152351	addons.xpi	DEBUG	Calling bootstrap method startup on firefox@getpocket.com version 1.0.5
1540836152363	addons.xpi	DEBUG	Registering manifest for C:\Program Files\Mozilla Firefox\browser\features\followonsearch@mozilla.com.xpi
1540836152364	addons.xpi	DEBUG	Calling bootstrap method startup on followonsearch@mozilla.com version 0.9.6
1540836152365	addons.xpi	DEBUG	Registering manifest for C:\Program Files\Mozilla Firefox\browser\features\formautofill@mozilla.org.xpi
1540836152366	addons.xpi	DEBUG	Calling bootstrap method startup on formautofill@mozilla.org version 1.0
1540836152367	addons.xpi	DEBUG	Registering manifest for C:\Program Files\Mozilla Firefox\browser\features\onboarding@mozilla.org.xpi
1540836152368	addons.xpi	DEBUG	Calling bootstrap method startup on onboarding@mozilla.org version 1.0
1540836152369	addons.xpi	DEBUG	Registering manifest for C:\Program Files\Mozilla Firefox\browser\features\screenshots@mozilla.org.xpi
1540836152371	addons.xpi	DEBUG	Calling bootstrap method startup on screenshots@mozilla.org version 19.2.0
1540836152371	addons.xpi	DEBUG	Registering manifest for C:\Program Files\Mozilla Firefox\browser\features\shield-recipe-client@mozilla.org.xpi
1540836152373	addons.xpi	DEBUG	Calling bootstrap method startup on shield-recipe-client@mozilla.org version 76.1
1540836152385	addons.xpi	DEBUG	Registering manifest for C:\Program Files\Mozilla Firefox\browser\features\webcompat@mozilla.org.xpi
1540836152387	addons.xpi	DEBUG	Calling bootstrap method startup on webcompat@mozilla.org version 1.1
1540836152391	addons.manager	DEBUG	Registering shutdown blocker for XPIProvider
1540836152391	addons.manager	DEBUG	Provider finished startup: XPIProvider
1540836152391	addons.manager	DEBUG	Starting provider: LightweightThemeManager
1540836152391	addons.manager	DEBUG	Registering shutdown blocker for LightweightThemeManager
1540836152391	addons.manager	DEBUG	Provider finished startup: LightweightThemeManager
1540836152392	addons.manager	DEBUG	Starting provider: GMPProvider
1540836152397	addons.manager	DEBUG	Registering shutdown blocker for GMPProvider
1540836152397	addons.manager	DEBUG	Provider finished startup: GMPProvider
1540836152397	addons.manager	DEBUG	Starting provider: PluginProvider
1540836152397	addons.manager	DEBUG	Registering shutdown blocker for PluginProvider
1540836152398	addons.manager	DEBUG	Provider finished startup: PluginProvider
1540836152398	addons.manager	DEBUG	Completed startup sequence
Unable to read VR Path Registry from C:\Users\lulu\AppData\Local\openvr\openvrpaths.vrpath
1540836153049	Marionette	INFO	Enabled via --marionette
Unable to read VR Path Registry from C:\Users\lulu\AppData\Local\openvr\openvrpaths.vrpath
Unable to read VR Path Registry from C:\Users\lulu\AppData\Local\openvr\openvrpaths.vrpath
Unable to read VR Path Registry from C:\Users\lulu\AppData\Local\openvr\openvrpaths.vrpath
[Child 13536, Chrome_ChildThread] WARNING: pipe error: 109: file z:/build/build/src/ipc/chromium/src/chrome/common/ipc_channel_win.cc, line 346
[Child 13536, Chrome_Chi1540836154436	DeferredSave.extensions.json	DEBUG	Starting write
1540836154464	addons.repository	DEBUG	No addons.json found.
1540836154465	DeferredSave.addons.json	DEBUG	Save changes
1540836154467	DeferredSave.addons.json	DEBUG	Starting timer
1540836154484	addons.manager	DEBUG	Starting provider: PreviousExperimentProvider
1540836154484	addons.manager	DEBUG	Registering shutdown blocker for PreviousExperimentProvider
1540836154484	addons.manager	DEBUG	Provider finished startup: PreviousExperimentProvider
1540836154490	DeferredSave.webext.sc.lz4	DEBUG	Save changes
1540836154490	DeferredSave.webext.sc.lz4	DEBUG	Starting timer
1540836154550	DeferredSave.webext.sc.lz4	DEBUG	Save changes
1540836154586	DeferredSave.webext.sc.lz4	DEBUG	Save changes
1540836154587	DeferredSave.webext.sc.lz4	DEBUG	Save changes
1540836154587	DeferredSave.webext.sc.lz4	DEBUG	Save changes
1540836154588	DeferredSave.webext.sc.lz4	DEBUG	Save changes
1540836154589	DeferredSave.webext.sc.lz4	DEBUG	Save changes
1540836154590	DeferredSave.webext.sc.lz4	DEBUG	Save changes
1540836154591	DeferredSave.webext.sc.lz4	DEBUG	Save changes
1540836154592	DeferredSave.webext.sc.lz4	DEBUG	Save changes
1540836154594	DeferredSave.webext.sc.lz4	DEBUG	Save changes
1540836154595	DeferredSave.webext.sc.lz4	DEBUG	Save changes
1540836154596	DeferredSave.webext.sc.lz4	DEBUG	Save changes
1540836154596	DeferredSave.webext.sc.lz4	DEBUG	Save changes
1540836154597	DeferredSave.webext.sc.lz4	DEBUG	Save changes
1540836154598	DeferredSave.webext.sc.lz4	DEBUG	Save changes
1540836154598	DeferredSave.webext.sc.lz4	DEBUG	Save changes
1540836154599	DeferredSave.webext.sc.lz4	DEBUG	Save changes
1540836154601	DeferredSave.webext.sc.lz4	DEBUG	Save changes
1540836154601	DeferredSave.webext.sc.lz4	DEBUG	Save changes
1540836154603	DeferredSave.webext.sc.lz4	DEBUG	Save changes
1540836154603	DeferredSave.webext.sc.lz4	DEBUG	Save changes
1540836154604	DeferredSave.webext.sc.lz4	DEBUG	Save changes
1540836154605	DeferredSave.webext.sc.lz4	DEBUG	Save changes
1540836154608	DeferredSave.webext.sc.lz4	DEBUG	Save changes
1540836154609	DeferredSave.webext.sc.lz4	DEBUG	Save changes
1540836154611	DeferredSave.webext.sc.lz4	DEBUG	Save changes
1540836154612	DeferredSave.webext.sc.lz4	DEBUG	Save changes
1540836154612	DeferredSave.webext.sc.lz4	DEBUG	Save changes
1540836154613	DeferredSave.webext.sc.lz4	DEBUG	Save changes
1540836154613	DeferredSave.webext.sc.lz4	DEBUG	Save changes
1540836154613	DeferredSave.webext.sc.lz4	DEBUG	Save changes
1540836154614	DeferredSave.webext.sc.lz4	DEBUG	Save changes
1540836154615	DeferredSave.webext.sc.lz4	DEBUG	Save changes
1540836154616	DeferredSave.webext.sc.lz4	DEBUG	Save changes
1540836154616	DeferredSave.webext.sc.lz4	DEBUG	Save changes
1540836154618	DeferredSave.webext.sc.lz4	DEBUG	Save changes
1540836154620	DeferredSave.webext.sc.lz4	DEBUG	Save changes
1540836154621	DeferredSave.webext.sc.lz4	DEBUG	Save changes
1540836154621	DeferredSave.webext.sc.lz4	DEBUG	Save changes
1540836154622	DeferredSave.webext.sc.lz4	DEBUG	Save changes
1540836154622	DeferredSave.webext.sc.lz4	DEBUG	Save changes
1540836154622	DeferredSave.webext.sc.lz4	DEBUG	Save changes
1540836154624	DeferredSave.webext.sc.lz4	DEBUG	Save changes
1540836154625	DeferredSave.webext.sc.lz4	DEBUG	Save changes
1540836154626	DeferredSave.webext.sc.lz4	DEBUG	Save changes
1540836154628	DeferredSave.webext.sc.lz4	DEBUG	Save changes
1540836154628	DeferredSave.webext.sc.lz4	DEBUG	Save changes
1540836154629	DeferredSave.webext.sc.lz4	DEBUG	Save changes
1540836154632	DeferredSave.webext.sc.lz4	DEBUG	Save changes
1540836154632	DeferredSave.webext.sc.lz4	DEBUG	Save changes
1540836154634	DeferredSave.webext.sc.lz4	DEBUG	Save changes
1540836154639	DeferredSave.extensions.json	DEBUG	Write succeeded
1540836154640	addons.xpi-utils	DEBUG	XPI Database saved, setting schema version preference to 23
1540836154645	DeferredSave.webext.sc.lz4	DEBUG	Save changes
1540836154647	DeferredSave.webext.sc.lz4	DEBUG	Save changes
1540836154680	DeferredSave.addons.json	DEBUG	Starting write
1540836154683	DeferredSave.webext.sc.lz4	DEBUG	Save changes
1540836154684	DeferredSave.webext.sc.lz4	DEBUG	Save changes
1540836154707	DeferredSave.addons.json	DEBUG	Write succeeded
1540836154812	addons.xpi	INFO	Mapping activity-stream@mozilla.org to C:\Program Files\Mozilla Firefox\browser\features\activity-stream@mozilla.org.xpi
1540836154812	addons.xpi	INFO	Mapping aushelper@mozilla.org to C:\Program Files\Mozilla Firefox\browser\features\aushelper@mozilla.org.xpi
1540836154812	addons.xpi	INFO	Mapping e10srollout@mozilla.org to C:\Program Files\Mozilla Firefox\browser\features\e10srollout@mozilla.org.xpi
1540836154812	addons.xpi	INFO	Mapping firefox@getpocket.com to C:\Program Files\Mozilla Firefox\browser\features\firefox@getpocket.com.xpi
1540836154812	addons.xpi	INFO	Mapping followonsearch@mozilla.com to C:\Program Files\Mozilla Firefox\browser\features\followonsearch@mozilla.com.xpi
1540836154812	addons.xpi	INFO	Mapping formautofill@mozilla.org to C:\Program Files\Mozilla Firefox\browser\features\formautofill@mozilla.org.xpi
1540836154812	addons.xpi	INFO	Mapping onboarding@mozilla.org to C:\Program Files\Mozilla Firefox\browser\features\onboarding@mozilla.org.xpi
1540836154812	addons.xpi	INFO	Mapping screenshots@mozilla.org to C:\Program Files\Mozilla Firefox\browser\features\screenshots@mozilla.org.xpi
1540836154812	addons.xpi	INFO	Mapping shield-recipe-client@mozilla.org to C:\Program Files\Mozilla Firefox\browser\features\shield-recipe-client@mozilla.org.xpi
1540836154812	addons.xpi	INFO	Mapping webcompat@mozilla.org to C:\Program Files\Mozilla Firefox\browser\features\webcompat@mozilla.org.xpi
1540836154813	addons.xpi	DEBUG	Existing add-on activity-stream@mozilla.org in app-system-defaults
1540836154813	addons.xpi	DEBUG	Existing add-on aushelper@mozilla.org in app-system-defaults
1540836154814	addons.xpi	DEBUG	Existing add-on e10srollout@mozilla.org in app-system-defaults
1540836154814	addons.xpi	DEBUG	Existing add-on firefox@getpocket.com in app-system-defaults
1540836154814	addons.xpi	DEBUG	Existing add-on followonsearch@mozilla.com in app-system-defaults
1540836154814	addons.xpi	DEBUG	Existing add-on formautofill@mozilla.org in app-system-defaults
1540836154815	addons.xpi	DEBUG	Existing add-on onboarding@mozilla.org in app-system-defaults
1540836154815	addons.xpi	DEBUG	Existing add-on screenshots@mozilla.org in app-system-defaults
1540836154816	addons.xpi	DEBUG	Existing add-on shield-recipe-client@mozilla.org in app-system-defaults
1540836154816	addons.xpi	DEBUG	Existing add-on webcompat@mozilla.org in app-system-defaults
1540836154817	addons.xpi	INFO	Mapping {972ce4c6-7e08-4474-a285-3208198ce6fd} to C:\Program Files\Mozilla Firefox\browser\extensions\{972ce4c6-7e08-4474-a285-3208198ce6fd}.xpi
1540836154817	addons.xpi	DEBUG	Existing add-on {972ce4c6-7e08-4474-a285-3208198ce6fd} in app-global
1540836154817	addons.xpi	DEBUG	getInstallState changed: false, state: {}
Unable to read VR Path Registry from C:\Users\lulu\AppData\Local\openvr\openvrpaths.vrpath
1540836155228	Marionette	INFO	Listening on port 54105
1540836155700	Marionette	WARN	TLS certificate errors will be ignored for this session
1540836155757	Marionette	DEBUG	Register listener.js for window 4294967297
1540836155782	Marionette	DEBUG	Received DOM event "beforeunload" for "about:blank"
1540836157041	Marionette	DEBUG	Received DOM event "pagehide" for "about:blank"
1540836157041	Marionette	DEBUG	Received DOM event "unload" for "about:blank"
1540836159231	Marionette	DEBUG	Received DOM event "DOMContentLoaded" for "https://demo.mahara.org/"
1540836159496	DeferredSave.webext.sc.lz4	DEBUG	Starting write
1540836159499	DeferredSave.webext.sc.lz4	DEBUG	Write succeeded
1540836162789	Marionette	DEBUG	Received DOM event "pageshow" for "https://demo.mahara.org/"
1540836163762	Marionette	DEBUG	Received DOM event "beforeunload" for "https://demo.mahara.org/"
1540836164337	Marionette	DEBUG	Received DOM event "pagehide" for "https://demo.mahara.org/"
1540836164338	Marionette	DEBUG	Received DOM event "unload" for "https://demo.mahara.org/"
1540836164746	Marionette	DEBUG	Received DOM event "DOMContentLoaded" for "https://demo.mahara.org/"
1540836165183	Marionette	DEBUG	Received DOM event "pageshow" for "https://demo.mahara.org/"
1540836165641	addons.xpi	DEBUG	Calling bootstrap method shutdown on webcompat@mozilla.org version 1.1
1540836165642	addons.xpi	DEBUG	Calling bootstrap method shutdown on shield-recipe-client@mozilla.org version 76.1
1540836165643	addons.xpi	DEBUG	Calling bootstrap method shutdown on screenshots@mozilla.org version 19.2.0
1540836165648	addons.xpi	DEBUG	Calling bootstrap method shutdown on onboarding@mozilla.org version 1.0
1540836165649	addons.xpi	DEBUG	Calling bootstrap method shutdown on formautofill@mozilla.org version 1.0
1540836165650	addons.xpi	DEBUG	Calling bootstrap method shutdown on followonsearch@mozilla.com version 0.9.6
1540836165650	addons.xpi	DEBUG	Calling bootstrap method shutdown on firefox@getpocket.com version 1.0.5
1540836165651	addons.xpi	DEBUG	Calling bootstrap method shutdown on e10srollout@mozilla.org version 3.05
1540836165651	addons.xpi	DEBUG	Calling bootstrap method shutdown on aushelper@mozilla.org version 2.0
1540836165651	addons.xpi	DEBUG	Calling bootstrap method shutdown on activity-stream@mozilla.org version 2017.11.07.1100-7f4e3634
[Parent 13888, Gecko_IOThread] WARNING: pipe error: 109: file z:/build/build/src/ipc/chromium/src/chrome/common/ipc_channel_win.cc, line 346
[Child 10340, Chrome_ChildThread] WARNING: pipe error: 232: file z:/build/build/src/ipc/chromium/src/chrome/common/ipc_channel_win.cc, line 513
[Child 10340, Chrome_ChildThread] WARNING: pipe error: 109: file z:/build/build/src/ipc/chromium/src/chrome/common/ipc_channel_win.cc, line 346
[Child 10340, Chrome_ChildThread]1540836165786	addons.manager	DEBUG	shutdown
1540836165787	addons.manager	DEBUG	Calling shutdown blocker for XPIProvider
1540836165787	addons.xpi	DEBUG	shutdown
1540836165788	addons.xpi-utils	DEBUG	shutdown
1540836165788	addons.manager	DEBUG	Calling shutdown blocker for LightweightThemeManager
1540836165788	addons.manager	DEBUG	Calling shutdown blocker for GMPProvider
1540836165789	addons.manager	DEBUG	Calling shutdown blocker for PluginProvider
1540836165789	addons.manager	DEBUG	Calling shutdown blocker for PreviousExperimentProvider
1540836165798	addons.manager	DEBUG	Async provider shutdown done
*** UTM:SVC TimerManager:registerTimer called after profile-before-change notification. Ignoring timer registration for id: telemetry_modules_ping

###!!! [Child][MessageChannel::SendAndWait] Error: Channel error: cannot send/recv

